Unity Editor version:    2021.3.25f1 (68ef2c4f8861)
Branch:                  2021.3/staging
Build type:              Release
Batch mode:              YES
macOS version:           Version 14.4.1 (Build 23E224)
Darwin version:          23.4.0
Architecture:            x86_64
Running under Rosetta:   YES
Available memory:        8192 MB
Using pre-set license
Pro License: YES

COMMAND LINE ARGUMENTS:
/Applications/Unity/Hub/Editor/2021.3.25f1/Unity.app/Contents/MacOS/Unity
-adb2
-batchMode
-noUpm
-name
AssetImportWorker6
-projectPath
/Users/tonyzan/Desktop/Unity Projects/cm2-unity1-module2-template-main
-logFile
Logs/AssetImportWorker6.log
-srvPort
58966
Successfully changed project path to: /Users/tonyzan/Desktop/Unity Projects/cm2-unity1-module2-template-main
/Users/tonyzan/Desktop/Unity Projects/cm2-unity1-module2-template-main
[UnityMemory] Configuration Parameters - Can be set up in boot.config
    "memorysetup-bucket-allocator-granularity=16"
    "memorysetup-bucket-allocator-bucket-count=8"
    "memorysetup-bucket-allocator-block-size=33554432"
    "memorysetup-bucket-allocator-block-count=8"
    "memorysetup-main-allocator-block-size=16777216"
    "memorysetup-thread-allocator-block-size=16777216"
    "memorysetup-gfx-main-allocator-block-size=16777216"
    "memorysetup-gfx-thread-allocator-block-size=16777216"
    "memorysetup-cache-allocator-block-size=4194304"
    "memorysetup-typetree-allocator-block-size=2097152"
    "memorysetup-profiler-bucket-allocator-granularity=16"
    "memorysetup-profiler-bucket-allocator-bucket-count=8"
    "memorysetup-profiler-bucket-allocator-block-size=33554432"
    "memorysetup-profiler-bucket-allocator-block-count=8"
    "memorysetup-profiler-allocator-block-size=16777216"
    "memorysetup-profiler-editor-allocator-block-size=1048576"
    "memorysetup-temp-allocator-size-main=16777216"
    "memorysetup-job-temp-allocator-block-size=2097152"
    "memorysetup-job-temp-allocator-block-size-background=1048576"
    "memorysetup-job-temp-allocator-reduction-small-platforms=262144"
    "memorysetup-temp-allocator-size-background-worker=32768"
    "memorysetup-temp-allocator-size-job-worker=262144"
    "memorysetup-temp-allocator-size-preload-manager=33554432"
    "memorysetup-temp-allocator-size-nav-mesh-worker=65536"
    "memorysetup-temp-allocator-size-audio-worker=65536"
    "memorysetup-temp-allocator-size-cloud-worker=32768"
    "memorysetup-temp-allocator-size-gi-baking-worker=262144"
    "memorysetup-temp-allocator-size-gfx=262144"
Player connection [8701866560] Host "[IP] 192.168.1.10 [Port] 0 [Flags] 2 [Guid] 2746744020 [EditorId] 2746744020 [Version] 1048832 [Id] OSXEditor(0,Tonys-MacBook-Air.local) [Debug] 1 [PackageName] OSXEditor [ProjectName] Editor" joined multi-casting on [225.0.0.222:54997]...

Player connection [8701866560] Host "[IP] 192.168.1.10 [Port] 0 [Flags] 2 [Guid] 2746744020 [EditorId] 2746744020 [Version] 1048832 [Id] OSXEditor(0,Tonys-MacBook-Air.local) [Debug] 1 [PackageName] OSXEditor [ProjectName] Editor" joined alternative multi-casting on [225.0.0.222:34997]...

Refreshing native plugins compatible for Editor in 76.97 ms, found 3 plugins.
Preloading 0 native plugins for Editor in 0.00 ms.
Initialize engine version: 2021.3.25f1 (68ef2c4f8861)
[Subsystems] Discovering subsystems at path /Applications/Unity/Hub/Editor/2021.3.25f1/Unity.app/Contents/Resources/UnitySubsystems
[Subsystems] Discovering subsystems at path /Users/tonyzan/Desktop/Unity Projects/cm2-unity1-module2-template-main/Assets
GfxDevice: creating device client; threaded=0; jobified=0
 preferred device: Apple M1 (high power)
Metal devices available: 1
0: Apple M1 (high power)
Using device Apple M1 (high power)
Initializing Metal device caps: Apple M1
Initialize mono
Mono path[0] = '/Applications/Unity/Hub/Editor/2021.3.25f1/Unity.app/Contents/Managed'
Mono path[1] = '/Applications/Unity/Hub/Editor/2021.3.25f1/Unity.app/Contents/MonoBleedingEdge/lib/mono/unityjit-macos'
Mono config path = '/Applications/Unity/Hub/Editor/2021.3.25f1/Unity.app/Contents/MonoBleedingEdge/etc'
Using monoOptions --debugger-agent=transport=dt_socket,embedding=1,server=y,suspend=n,address=127.0.0.1:56361
Begin MonoManager ReloadAssembly
Registering precompiled unity dll's ...
Register platform support module: /Applications/Unity/Hub/Editor/2021.3.25f1/Unity.app/Contents/PlaybackEngines/MacStandaloneSupport/UnityEditor.OSXStandalone.Extensions.dll
Registered in 0.002192 seconds.
Native extension for OSXStandalone target not found
Refreshing native plugins compatible for Editor in 31.44 ms, found 3 plugins.
Preloading 0 native plugins for Editor in 0.00 ms.
Mono: successfully reloaded assembly
- Completed reload, in  1.272 seconds
Domain Reload Profiling:
	ReloadAssembly (1273ms)
		BeginReloadAssembly (195ms)
			ExecutionOrderSort (0ms)
			DisableScriptedObjects (0ms)
			BackupInstance (0ms)
			ReleaseScriptingObjects (0ms)
			CreateAndSetChildDomain (3ms)
		EndReloadAssembly (910ms)
			LoadAssemblies (193ms)
			RebuildTransferFunctionScriptingTraits (2ms)
			SetupTypeCache (124ms)
			ReleaseScriptCaches (0ms)
			RebuildScriptCaches (32ms)
			SetupLoadedEditorAssemblies (612ms)
				LogAssemblyErrors (0ms)
				InitializePlatformSupportModulesInManaged (17ms)
				SetLoadedEditorAssemblies (0ms)
				RefreshPlugins (31ms)
				BeforeProcessingInitializeOnLoad (4ms)
				ProcessInitializeOnLoadAttributes (410ms)
				ProcessInitializeOnLoadMethodAttributes (149ms)
				AfterProcessingInitializeOnLoad (0ms)
				EditorAssembliesLoaded (1ms)
			ExecutionOrderSort2 (0ms)
			AwakeInstancesAfterBackupRestoration (0ms)
Platform modules already initialized, skipping
Registering precompiled user dll's ...
Registered in 0.003389 seconds.
Begin MonoManager ReloadAssembly
Native extension for OSXStandalone target not found
Refreshing native plugins compatible for Editor in 0.78 ms, found 3 plugins.
Preloading 0 native plugins for Editor in 0.00 ms.
Mono: successfully reloaded assembly
- Completed reload, in  1.996 seconds
Domain Reload Profiling:
	ReloadAssembly (1998ms)
		BeginReloadAssembly (325ms)
			ExecutionOrderSort (0ms)
			DisableScriptedObjects (52ms)
			BackupInstance (0ms)
			ReleaseScriptingObjects (0ms)
			CreateAndSetChildDomain (33ms)
		EndReloadAssembly (1454ms)
			LoadAssemblies (188ms)
			RebuildTransferFunctionScriptingTraits (0ms)
			SetupTypeCache (235ms)
			ReleaseScriptCaches (2ms)
			RebuildScriptCaches (51ms)
			SetupLoadedEditorAssemblies (921ms)
				LogAssemblyErrors (0ms)
				InitializePlatformSupportModulesInManaged (13ms)
				SetLoadedEditorAssemblies (1ms)
				RefreshPlugins (1ms)
				BeforeProcessingInitializeOnLoad (84ms)
				ProcessInitializeOnLoadAttributes (649ms)
				ProcessInitializeOnLoadMethodAttributes (171ms)
				AfterProcessingInitializeOnLoad (1ms)
				EditorAssembliesLoaded (0ms)
			ExecutionOrderSort2 (0ms)
			AwakeInstancesAfterBackupRestoration (10ms)
Platform modules already initialized, skipping
========================================================================
Worker process is ready to serve import requests
Shader 'MapMagic/TerrainPreviewURP': fallback shader 'Hidden/Universal Render Pipeline/FallbackError' not found
Shader 'MapMagic/TerrainPreviewURP': dependency 'AddPassShader' shader 'Hidden/Universal Render Pipeline/Terrain/Lit (Add Pass)' not found
Shader 'MapMagic/TerrainPreviewURP': dependency 'BaseMapShader' shader 'Hidden/Universal Render Pipeline/Terrain/Lit (Base Pass)' not found
Shader 'MapMagic/TerrainPreviewURP': dependency 'BaseMapGenShader' shader 'Hidden/Universal Render Pipeline/Terrain/Lit (Basemap Gen)' not found
Shader 'MapMagic/TerrainPreviewHDRP': dependency 'BaseMapShader' shader 'Hidden/HDRP/TerrainLit_Basemap' not found
Shader 'MapMagic/TerrainPreviewHDRP': dependency 'BaseMapGenShader' shader 'Hidden/HDRP/TerrainLit_BasemapGen' not found
Shader 'MapMagic/TerrainPreviewHDRP': dependency 'BaseMapShader' shader 'Hidden/HDRP/TerrainLit_Basemap' not found
Shader 'MapMagic/TerrainPreviewHDRP': dependency 'BaseMapGenShader' shader 'Hidden/HDRP/TerrainLit_BasemapGen' not found
Shader 'MapMagic/TerrainPreviewURP': fallback shader 'Hidden/Universal Render Pipeline/FallbackError' not found
Shader 'MapMagic/TerrainPreviewURP': dependency 'AddPassShader' shader 'Hidden/Universal Render Pipeline/Terrain/Lit (Add Pass)' not found
Shader 'MapMagic/TerrainPreviewURP': dependency 'BaseMapShader' shader 'Hidden/Universal Render Pipeline/Terrain/Lit (Base Pass)' not found
Shader 'MapMagic/TerrainPreviewURP': dependency 'BaseMapGenShader' shader 'Hidden/Universal Render Pipeline/Terrain/Lit (Basemap Gen)' not found
Launching external process: /Applications/Unity/Hub/Editor/2021.3.25f1/Unity.app/Contents/Tools/UnityShaderCompiler
Launched and connected shader compiler UnityShaderCompiler after 1.11 seconds
Refreshing native plugins compatible for Editor in 0.97 ms, found 3 plugins.
Preloading 0 native plugins for Editor in 0.00 ms.
Unloading 1583 Unused Serialized files (Serialized files now loaded: 0)
Unloading 24 unused Assets / (12.4 MB). Loaded Objects now: 2061.
Memory consumption went from 105.1 MB to 92.7 MB.
Total: 26.742333 ms (FindLiveObjects: 0.559583 ms CreateObjectMapping: 0.070000 ms MarkObjects: 20.705667 ms  DeleteObjects: 5.401584 ms)

AssetImportParameters requested are different than current active one (requested -> active):
  custom:video-decoder-ogg-theora: a1e56fd34408186e4bbccfd4996cb3dc -> 
  custom:container-muxer-webm: aa71ff27fc2769a1b78a27578f13a17b -> 
  custom:container-demuxer-webm: 4f35f7cbe854078d1ac9338744f61a02 -> 
  custom:video-encoder-webm-vp8: eb34c28f22e8b96e1ab97ce403110664 -> 
  custom:framework-osx-AVFoundation: e770b220cccbd017edd2c1fefb359320 -> 
  custom:audio-encoder-webm-vorbis: bf7c407c2cedff20999df2af8eb42d56 -> 
  custom:container-demuxer-ogg: 62fdf1f143b41e24485cea50d1cbac27 -> 
  custom:video-decoder-webm-vp8: 9c59270c3fd7afecdb556c50c9e8de78 -> 
  custom:audio-decoder-ogg-vorbis: bf7c407c2cedff20999df2af8eb42d56 -> 
========================================================================
Received Import Request.
  Time since last request: 655517.832085 seconds.
  path: Assets/Fantasy Skybox FREE/FerociousIndustries/PBRDinosaurs/PBRStegasaurus/Textures
  artifactKey: Guid(3da34f102ee319f46829af73602341ce) Importer(815301076,1909f56bfc062723c751e8b465ee728b)
Start importing Assets/Fantasy Skybox FREE/FerociousIndustries/PBRDinosaurs/PBRStegasaurus/Textures using Guid(3da34f102ee319f46829af73602341ce) Importer(815301076,1909f56bfc062723c751e8b465ee728b)  -> (artifact id: 'deddf7bc59641bc848fb18e6648fc7d0') in 0.071818 seconds 
========================================================================
Received Import Request.
  Time since last request: 0.004938 seconds.
  path: Assets/Fantasy Skybox FREE/FerociousIndustries/PBRDinosaurs/PBRStegasaurus/Textures/Material_Roughness.png
  artifactKey: Guid(90a3761e16652774dbce2f468f193a2c) Importer(815301076,1909f56bfc062723c751e8b465ee728b)
Start importing Assets/Fantasy Skybox FREE/FerociousIndustries/PBRDinosaurs/PBRStegasaurus/Textures/Material_Roughness.png using Guid(90a3761e16652774dbce2f468f193a2c) Importer(815301076,1909f56bfc062723c751e8b465ee728b)  -> (artifact id: '777e3a0e2e47fe4ee2b02271f4d3e4b0') in 1.269423 seconds 
========================================================================
Received Import Request.
  Time since last request: 5661.705415 seconds.
  path: Assets/Fantasy Skybox FREE/FerociousIndustries/PBRDinosaurs/PBRStegasaurus/Textures/Shared_Textures
  artifactKey: Guid(76579a0af0dcdf94780f0b861510c033) Importer(815301076,1909f56bfc062723c751e8b465ee728b)
Start importing Assets/Fantasy Skybox FREE/FerociousIndustries/PBRDinosaurs/PBRStegasaurus/Textures/Shared_Textures using Guid(76579a0af0dcdf94780f0b861510c033) Importer(815301076,1909f56bfc062723c751e8b465ee728b)  -> (artifact id: '6e05506c7a2a8789a2a53518b627a3ae') in 0.033239 seconds 
========================================================================
Received Import Request.
  Time since last request: 0.244783 seconds.
  path: Assets/Fantasy Skybox FREE/FerociousIndustries/PBRDinosaurs/PBRStegasaurus/Textures/Shared_Textures/Material_Mixed_AO.png
  artifactKey: Guid(4c0d50397ae384c43ae83e12d626d97e) Importer(815301076,1909f56bfc062723c751e8b465ee728b)
Start importing Assets/Fantasy Skybox FREE/FerociousIndustries/PBRDinosaurs/PBRStegasaurus/Textures/Shared_Textures/Material_Mixed_AO.png using Guid(4c0d50397ae384c43ae83e12d626d97e) Importer(815301076,1909f56bfc062723c751e8b465ee728b)  -> (artifact id: '6533ba6d3b653ebe7a5f5a9c65ed4ccd') in 0.363519 seconds 
========================================================================
Received Import Request.
  Time since last request: 0.000105 seconds.
  path: Assets/Fantasy Skybox FREE/FerociousIndustries/PBRDinosaurs/PBRStegasaurus/Textures/Shared_Textures/Stegasaurus_NormalMapSecondary 1.png
  artifactKey: Guid(f018a2c1cbe4cd94ba0db26caabab9a6) Importer(815301076,1909f56bfc062723c751e8b465ee728b)
Start importing Assets/Fantasy Skybox FREE/FerociousIndustries/PBRDinosaurs/PBRStegasaurus/Textures/Shared_Textures/Stegasaurus_NormalMapSecondary 1.png using Guid(f018a2c1cbe4cd94ba0db26caabab9a6) Importer(815301076,1909f56bfc062723c751e8b465ee728b)  -> (artifact id: 'a99b0582921e5702323925f067d7edcd') in 0.356924 seconds 
========================================================================
Received Import Request.
  Time since last request: 8.861238 seconds.
  path: Assets/Fantasy Skybox FREE/FerociousIndustries/PBRDinosaurs/PBRPachycephalasaurus/Textures/2K/Other_AlbedoPachy.png
  artifactKey: Guid(fa02802fa4e25cc4b98ac3b1ee7ebfa7) Importer(815301076,1909f56bfc062723c751e8b465ee728b)
Start importing Assets/Fantasy Skybox FREE/FerociousIndustries/PBRDinosaurs/PBRPachycephalasaurus/Textures/2K/Other_AlbedoPachy.png using Guid(fa02802fa4e25cc4b98ac3b1ee7ebfa7) Importer(815301076,1909f56bfc062723c751e8b465ee728b)  -> (artifact id: '63f7b36d25fe243c03735c4e7f636cb8') in 0.129987 seconds 
========================================================================
Received Import Request.
  Time since last request: 0.045529 seconds.
  path: Assets/Fantasy Skybox FREE/FerociousIndustries/PBRDinosaurs/PBRPachycephalasaurus/Textures/2K/Pachycephalasaurus_AO.png
  artifactKey: Guid(790b12a068f0cf64cbb9b9f41be40201) Importer(815301076,1909f56bfc062723c751e8b465ee728b)
Start importing Assets/Fantasy Skybox FREE/FerociousIndustries/PBRDinosaurs/PBRPachycephalasaurus/Textures/2K/Pachycephalasaurus_AO.png using Guid(790b12a068f0cf64cbb9b9f41be40201) Importer(815301076,1909f56bfc062723c751e8b465ee728b)  -> (artifact id: '34824b7ab6ae9f2f5d551ce0af261e94') in 0.021337 seconds 
========================================================================
Received Import Request.
  Time since last request: 0.015701 seconds.
  path: Assets/Fantasy Skybox FREE/FerociousIndustries/PBRDinosaurs/PBRPachycephalasaurus/Textures/2K/Pachycephalasaurus_Scales_Albedo.png
  artifactKey: Guid(76c4fb429d832c04b89045d3dc4b1776) Importer(815301076,1909f56bfc062723c751e8b465ee728b)
Start importing Assets/Fantasy Skybox FREE/FerociousIndustries/PBRDinosaurs/PBRPachycephalasaurus/Textures/2K/Pachycephalasaurus_Scales_Albedo.png using Guid(76c4fb429d832c04b89045d3dc4b1776) Importer(815301076,1909f56bfc062723c751e8b465ee728b)  -> (artifact id: '2dd5b3f4e231cb993d76fcbd43ebca49') in 0.022787 seconds 
========================================================================
Received Import Request.
  Time since last request: 0.006611 seconds.
  path: Assets/Fantasy Skybox FREE/FerociousIndustries/PBRDinosaurs/PBRPachycephalasaurus/Textures/2K/PachycephalasaurusTexture.png
  artifactKey: Guid(48280228393542f4889320acef0fb72e) Importer(815301076,1909f56bfc062723c751e8b465ee728b)
Start importing Assets/Fantasy Skybox FREE/FerociousIndustries/PBRDinosaurs/PBRPachycephalasaurus/Textures/2K/PachycephalasaurusTexture.png using Guid(48280228393542f4889320acef0fb72e) Importer(815301076,1909f56bfc062723c751e8b465ee728b)  -> (artifact id: '691a5b0c8f7aab18dbd09a82328d18b1') in 0.012128 seconds 
========================================================================
Received Import Request.
  Time since last request: 0.000315 seconds.
  path: Assets/Fantasy Skybox FREE/FerociousIndustries/PBRDinosaurs/PBRPachycephalasaurus/Textures/2K/ProtoMaleTexturePatternGreen.png
  artifactKey: Guid(5adcd8435f063e040b808ad01e39abed) Importer(815301076,1909f56bfc062723c751e8b465ee728b)
Start importing Assets/Fantasy Skybox FREE/FerociousIndustries/PBRDinosaurs/PBRPachycephalasaurus/Textures/2K/ProtoMaleTexturePatternGreen.png using Guid(5adcd8435f063e040b808ad01e39abed) Importer(815301076,1909f56bfc062723c751e8b465ee728b)  -> (artifact id: '3d8a65207f04f605a5668c6381ff71ed') in 0.022562 seconds 
========================================================================
Received Import Request.
  Time since last request: 0.148211 seconds.
  path: Assets/Fantasy Skybox FREE/FerociousIndustries/PBRDinosaurs/PBRPachycephalasaurus/Textures/2K/Pachycephalasaurus_Scales_Normal.png
  artifactKey: Guid(441f7dce49368f34bbfe11d4deca8adc) Importer(815301076,1909f56bfc062723c751e8b465ee728b)
Start importing Assets/Fantasy Skybox FREE/FerociousIndustries/PBRDinosaurs/PBRPachycephalasaurus/Textures/2K/Pachycephalasaurus_Scales_Normal.png using Guid(441f7dce49368f34bbfe11d4deca8adc) Importer(815301076,1909f56bfc062723c751e8b465ee728b)  -> (artifact id: 'd487b0fa098419d42c0d5dbbe4cde6b4') in 0.030228 seconds 
========================================================================
Received Import Request.
  Time since last request: 0.029915 seconds.
  path: Assets/Fantasy Skybox FREE/FerociousIndustries/PBRDinosaurs/PBRPachycephalasaurus/Textures/2K/ProtoMaleTexturePatternRed.png
  artifactKey: Guid(65ef7e01cd18f9b4d84dd5cba06e08d6) Importer(815301076,1909f56bfc062723c751e8b465ee728b)
Start importing Assets/Fantasy Skybox FREE/FerociousIndustries/PBRDinosaurs/PBRPachycephalasaurus/Textures/2K/ProtoMaleTexturePatternRed.png using Guid(65ef7e01cd18f9b4d84dd5cba06e08d6) Importer(815301076,1909f56bfc062723c751e8b465ee728b)  -> (artifact id: '976c4fcbc672c09f24546e194d4be09e') in 0.012265 seconds 
========================================================================
Received Import Request.
  Time since last request: 2.837485 seconds.
  path: Assets/Fantasy Skybox FREE/FerociousIndustries/PBRDinosaurs/PBRStegasaurus/Demo
  artifactKey: Guid(fdab5936c9b9f464ba3ca3f2ff59edf9) Importer(815301076,1909f56bfc062723c751e8b465ee728b)
Start importing Assets/Fantasy Skybox FREE/FerociousIndustries/PBRDinosaurs/PBRStegasaurus/Demo using Guid(fdab5936c9b9f464ba3ca3f2ff59edf9) Importer(815301076,1909f56bfc062723c751e8b465ee728b)  -> (artifact id: '4a0445b41144fc8dcb4d0e49a89e1cd5') in 0.004573 seconds 
========================================================================
Received Import Request.
  Time since last request: 3.788970 seconds.
  path: Assets/Fantasy Skybox FREE/FerociousIndustries/PBRDinosaurs/PBRStegasaurus/Demo/Scenes
  artifactKey: Guid(e7d2b298857293c4ca12873c50c173dd) Importer(815301076,1909f56bfc062723c751e8b465ee728b)
Start importing Assets/Fantasy Skybox FREE/FerociousIndustries/PBRDinosaurs/PBRStegasaurus/Demo/Scenes using Guid(e7d2b298857293c4ca12873c50c173dd) Importer(815301076,1909f56bfc062723c751e8b465ee728b)  -> (artifact id: 'f0c69adbc8c135e5a6d64009666388aa') in 0.004610 seconds 
========================================================================
Received Import Request.
  Time since last request: 0.679589 seconds.
  path: Assets/Fantasy Skybox FREE/FerociousIndustries/PBRDinosaurs/PBRStegasaurus/Demo/Scenes/DemoScene.unity
  artifactKey: Guid(8c2b4a13aafbe344aa6b14e39d9acc3c) Importer(815301076,1909f56bfc062723c751e8b465ee728b)
Start importing Assets/Fantasy Skybox FREE/FerociousIndustries/PBRDinosaurs/PBRStegasaurus/Demo/Scenes/DemoScene.unity using Guid(8c2b4a13aafbe344aa6b14e39d9acc3c) Importer(815301076,1909f56bfc062723c751e8b465ee728b)  -> (artifact id: 'ee5ee47c164cbcfc0192417278b8b268') in 0.002089 seconds 
========================================================================
Received Prepare
Registering precompiled user dll's ...
Registered in 0.000936 seconds.
Begin MonoManager ReloadAssembly
Native extension for OSXStandalone target not found
Refreshing native plugins compatible for Editor in 1.65 ms, found 3 plugins.
Preloading 0 native plugins for Editor in 0.00 ms.
Mono: successfully reloaded assembly
- Completed reload, in  4.807 seconds
Domain Reload Profiling:
	ReloadAssembly (4819ms)
		BeginReloadAssembly (1130ms)
			ExecutionOrderSort (0ms)
			DisableScriptedObjects (101ms)
			BackupInstance (0ms)
			ReleaseScriptingObjects (0ms)
			CreateAndSetChildDomain (532ms)
		EndReloadAssembly (3401ms)
			LoadAssemblies (422ms)
			RebuildTransferFunctionScriptingTraits (1ms)
			SetupTypeCache (333ms)
			ReleaseScriptCaches (9ms)
			RebuildScriptCaches (72ms)
			SetupLoadedEditorAssemblies (2385ms)
				LogAssemblyErrors (0ms)
				InitializePlatformSupportModulesInManaged (26ms)
				SetLoadedEditorAssemblies (2ms)
				RefreshPlugins (2ms)
				BeforeProcessingInitializeOnLoad (171ms)
				ProcessInitializeOnLoadAttributes (1797ms)
				ProcessInitializeOnLoadMethodAttributes (383ms)
				AfterProcessingInitializeOnLoad (2ms)
				EditorAssembliesLoaded (2ms)
			ExecutionOrderSort2 (0ms)
			AwakeInstancesAfterBackupRestoration (40ms)
Platform modules already initialized, skipping
Shader 'MapMagic/TerrainPreviewURP': fallback shader 'Hidden/Universal Render Pipeline/FallbackError' not found
Shader 'MapMagic/TerrainPreviewURP': dependency 'AddPassShader' shader 'Hidden/Universal Render Pipeline/Terrain/Lit (Add Pass)' not found
Shader 'MapMagic/TerrainPreviewURP': dependency 'BaseMapShader' shader 'Hidden/Universal Render Pipeline/Terrain/Lit (Base Pass)' not found
Shader 'MapMagic/TerrainPreviewURP': dependency 'BaseMapGenShader' shader 'Hidden/Universal Render Pipeline/Terrain/Lit (Basemap Gen)' not found
Shader 'MapMagic/TerrainPreviewHDRP': dependency 'BaseMapShader' shader 'Hidden/HDRP/TerrainLit_Basemap' not found
Shader 'MapMagic/TerrainPreviewHDRP': dependency 'BaseMapGenShader' shader 'Hidden/HDRP/TerrainLit_BasemapGen' not found
Shader 'MapMagic/TerrainPreviewURP': fallback shader 'Hidden/Universal Render Pipeline/FallbackError' not found
Shader 'MapMagic/TerrainPreviewURP': dependency 'AddPassShader' shader 'Hidden/Universal Render Pipeline/Terrain/Lit (Add Pass)' not found
Shader 'MapMagic/TerrainPreviewURP': dependency 'BaseMapShader' shader 'Hidden/Universal Render Pipeline/Terrain/Lit (Base Pass)' not found
Shader 'MapMagic/TerrainPreviewURP': dependency 'BaseMapGenShader' shader 'Hidden/Universal Render Pipeline/Terrain/Lit (Basemap Gen)' not found
Shader 'MapMagic/TerrainPreviewHDRP': dependency 'BaseMapShader' shader 'Hidden/HDRP/TerrainLit_Basemap' not found
Shader 'MapMagic/TerrainPreviewHDRP': dependency 'BaseMapGenShader' shader 'Hidden/HDRP/TerrainLit_BasemapGen' not found
Refreshing native plugins compatible for Editor in 2.87 ms, found 3 plugins.
Preloading 0 native plugins for Editor in 0.00 ms.
Unloading 1546 Unused Serialized files (Serialized files now loaded: 0)
Unloading 17 unused Assets / (12.3 MB). Loaded Objects now: 2070.
Memory consumption went from 109.0 MB to 96.7 MB.
Total: 27.948833 ms (FindLiveObjects: 0.990917 ms CreateObjectMapping: 0.142875 ms MarkObjects: 24.217959 ms  DeleteObjects: 2.593875 ms)

AssetImportParameters requested are different than current active one (requested -> active):
  custom:video-decoder-ogg-theora: a1e56fd34408186e4bbccfd4996cb3dc -> 
  custom:container-muxer-webm: aa71ff27fc2769a1b78a27578f13a17b -> 
  custom:container-demuxer-webm: 4f35f7cbe854078d1ac9338744f61a02 -> 
  custom:video-encoder-webm-vp8: eb34c28f22e8b96e1ab97ce403110664 -> 
  custom:framework-osx-AVFoundation: e770b220cccbd017edd2c1fefb359320 -> 
  custom:audio-encoder-webm-vorbis: bf7c407c2cedff20999df2af8eb42d56 -> 
  custom:container-demuxer-ogg: 62fdf1f143b41e24485cea50d1cbac27 -> 
  custom:video-decoder-webm-vp8: 9c59270c3fd7afecdb556c50c9e8de78 -> 
  custom:audio-decoder-ogg-vorbis: bf7c407c2cedff20999df2af8eb42d56 -> 
========================================================================
Received Prepare
Registering precompiled user dll's ...
Registered in 0.000906 seconds.
Begin MonoManager ReloadAssembly
Native extension for OSXStandalone target not found
Refreshing native plugins compatible for Editor in 1.35 ms, found 3 plugins.
Preloading 0 native plugins for Editor in 0.00 ms.
Mono: successfully reloaded assembly
- Completed reload, in  6.520 seconds
Domain Reload Profiling:
	ReloadAssembly (6537ms)
		BeginReloadAssembly (1297ms)
			ExecutionOrderSort (0ms)
			DisableScriptedObjects (192ms)
			BackupInstance (0ms)
			ReleaseScriptingObjects (1ms)
			CreateAndSetChildDomain (293ms)
		EndReloadAssembly (4864ms)
			LoadAssemblies (610ms)
			RebuildTransferFunctionScriptingTraits (1ms)
			SetupTypeCache (415ms)
			ReleaseScriptCaches (19ms)
			RebuildScriptCaches (94ms)
			SetupLoadedEditorAssemblies (3324ms)
				LogAssemblyErrors (0ms)
				InitializePlatformSupportModulesInManaged (36ms)
				SetLoadedEditorAssemblies (3ms)
				RefreshPlugins (1ms)
				BeforeProcessingInitializeOnLoad (275ms)
				ProcessInitializeOnLoadAttributes (2375ms)
				ProcessInitializeOnLoadMethodAttributes (631ms)
				AfterProcessingInitializeOnLoad (1ms)
				EditorAssembliesLoaded (1ms)
			ExecutionOrderSort2 (0ms)
			AwakeInstancesAfterBackupRestoration (55ms)
Platform modules already initialized, skipping
Shader 'MapMagic/TerrainPreviewURP': fallback shader 'Hidden/Universal Render Pipeline/FallbackError' not found
Shader 'MapMagic/TerrainPreviewURP': dependency 'AddPassShader' shader 'Hidden/Universal Render Pipeline/Terrain/Lit (Add Pass)' not found
Shader 'MapMagic/TerrainPreviewURP': dependency 'BaseMapShader' shader 'Hidden/Universal Render Pipeline/Terrain/Lit (Base Pass)' not found
Shader 'MapMagic/TerrainPreviewURP': dependency 'BaseMapGenShader' shader 'Hidden/Universal Render Pipeline/Terrain/Lit (Basemap Gen)' not found
Shader 'MapMagic/TerrainPreviewHDRP': dependency 'BaseMapShader' shader 'Hidden/HDRP/TerrainLit_Basemap' not found
Shader 'MapMagic/TerrainPreviewHDRP': dependency 'BaseMapGenShader' shader 'Hidden/HDRP/TerrainLit_BasemapGen' not found
Shader 'MapMagic/TerrainPreviewHDRP': dependency 'BaseMapShader' shader 'Hidden/HDRP/TerrainLit_Basemap' not found
Shader 'MapMagic/TerrainPreviewHDRP': dependency 'BaseMapGenShader' shader 'Hidden/HDRP/TerrainLit_BasemapGen' not found
Shader 'MapMagic/TerrainPreviewURP': fallback shader 'Hidden/Universal Render Pipeline/FallbackError' not found
Shader 'MapMagic/TerrainPreviewURP': dependency 'AddPassShader' shader 'Hidden/Universal Render Pipeline/Terrain/Lit (Add Pass)' not found
Shader 'MapMagic/TerrainPreviewURP': dependency 'BaseMapShader' shader 'Hidden/Universal Render Pipeline/Terrain/Lit (Base Pass)' not found
Shader 'MapMagic/TerrainPreviewURP': dependency 'BaseMapGenShader' shader 'Hidden/Universal Render Pipeline/Terrain/Lit (Basemap Gen)' not found
Refreshing native plugins compatible for Editor in 1.23 ms, found 3 plugins.
Preloading 0 native plugins for Editor in 0.00 ms.
Unloading 1546 Unused Serialized files (Serialized files now loaded: 0)
Unloading 17 unused Assets / (12.4 MB). Loaded Objects now: 2073.
Memory consumption went from 109.0 MB to 96.6 MB.
Total: 121.709916 ms (FindLiveObjects: 0.748167 ms CreateObjectMapping: 0.068833 ms MarkObjects: 117.949500 ms  DeleteObjects: 2.939542 ms)

AssetImportParameters requested are different than current active one (requested -> active):
  custom:video-decoder-ogg-theora: a1e56fd34408186e4bbccfd4996cb3dc -> 
  custom:container-muxer-webm: aa71ff27fc2769a1b78a27578f13a17b -> 
  custom:container-demuxer-webm: 4f35f7cbe854078d1ac9338744f61a02 -> 
  custom:video-encoder-webm-vp8: eb34c28f22e8b96e1ab97ce403110664 -> 
  custom:framework-osx-AVFoundation: e770b220cccbd017edd2c1fefb359320 -> 
  custom:audio-encoder-webm-vorbis: bf7c407c2cedff20999df2af8eb42d56 -> 
  custom:container-demuxer-ogg: 62fdf1f143b41e24485cea50d1cbac27 -> 
  custom:video-decoder-webm-vp8: 9c59270c3fd7afecdb556c50c9e8de78 -> 
  custom:audio-decoder-ogg-vorbis: bf7c407c2cedff20999df2af8eb42d56 -> 
