Unity Editor version:    2021.3.25f1 (68ef2c4f8861)
Branch:                  2021.3/staging
Build type:              Release
Batch mode:              YES
macOS version:           Version 14.4.1 (Build 23E224)
Darwin version:          23.4.0
Architecture:            x86_64
Running under Rosetta:   YES
Available memory:        8192 MB
Using pre-set license
Pro License: YES

COMMAND LINE ARGUMENTS:
/Applications/Unity/Hub/Editor/2021.3.25f1/Unity.app/Contents/MacOS/Unity
-adb2
-batchMode
-noUpm
-name
AssetImportWorker2
-projectPath
/Users/tonyzan/Desktop/Unity Projects/cm2-unity1-module2-template-main
-logFile
Logs/AssetImportWorker2.log
-srvPort
53983
Successfully changed project path to: /Users/tonyzan/Desktop/Unity Projects/cm2-unity1-module2-template-main
/Users/tonyzan/Desktop/Unity Projects/cm2-unity1-module2-template-main
[UnityMemory] Configuration Parameters - Can be set up in boot.config
    "memorysetup-bucket-allocator-granularity=16"
    "memorysetup-bucket-allocator-bucket-count=8"
    "memorysetup-bucket-allocator-block-size=33554432"
    "memorysetup-bucket-allocator-block-count=8"
    "memorysetup-main-allocator-block-size=16777216"
    "memorysetup-thread-allocator-block-size=16777216"
    "memorysetup-gfx-main-allocator-block-size=16777216"
    "memorysetup-gfx-thread-allocator-block-size=16777216"
    "memorysetup-cache-allocator-block-size=4194304"
    "memorysetup-typetree-allocator-block-size=2097152"
    "memorysetup-profiler-bucket-allocator-granularity=16"
    "memorysetup-profiler-bucket-allocator-bucket-count=8"
    "memorysetup-profiler-bucket-allocator-block-size=33554432"
    "memorysetup-profiler-bucket-allocator-block-count=8"
    "memorysetup-profiler-allocator-block-size=16777216"
    "memorysetup-profiler-editor-allocator-block-size=1048576"
    "memorysetup-temp-allocator-size-main=16777216"
    "memorysetup-job-temp-allocator-block-size=2097152"
    "memorysetup-job-temp-allocator-block-size-background=1048576"
    "memorysetup-job-temp-allocator-reduction-small-platforms=262144"
    "memorysetup-temp-allocator-size-background-worker=32768"
    "memorysetup-temp-allocator-size-job-worker=262144"
    "memorysetup-temp-allocator-size-preload-manager=33554432"
    "memorysetup-temp-allocator-size-nav-mesh-worker=65536"
    "memorysetup-temp-allocator-size-audio-worker=65536"
    "memorysetup-temp-allocator-size-cloud-worker=32768"
    "memorysetup-temp-allocator-size-gi-baking-worker=262144"
    "memorysetup-temp-allocator-size-gfx=262144"
Player connection [8733901376] Host "[IP] 10.224.93.129 [Port] 0 [Flags] 2 [Guid] 1512822547 [EditorId] 1512822547 [Version] 1048832 [Id] OSXEditor(0,Tonys-MacBook-Air.local) [Debug] 1 [PackageName] OSXEditor [ProjectName] Editor" joined multi-casting on [225.0.0.222:54997]...

Player connection [8733901376] Host "[IP] 10.224.93.129 [Port] 0 [Flags] 2 [Guid] 1512822547 [EditorId] 1512822547 [Version] 1048832 [Id] OSXEditor(0,Tonys-MacBook-Air.local) [Debug] 1 [PackageName] OSXEditor [ProjectName] Editor" joined alternative multi-casting on [225.0.0.222:34997]...

Refreshing native plugins compatible for Editor in 45.63 ms, found 3 plugins.
Preloading 0 native plugins for Editor in 0.00 ms.
Initialize engine version: 2021.3.25f1 (68ef2c4f8861)
[Subsystems] Discovering subsystems at path /Applications/Unity/Hub/Editor/2021.3.25f1/Unity.app/Contents/Resources/UnitySubsystems
[Subsystems] Discovering subsystems at path /Users/tonyzan/Desktop/Unity Projects/cm2-unity1-module2-template-main/Assets
GfxDevice: creating device client; threaded=0; jobified=0
 preferred device: Apple M1 (high power)
Metal devices available: 1
0: Apple M1 (high power)
Using device Apple M1 (high power)
Initializing Metal device caps: Apple M1
Initialize mono
Mono path[0] = '/Applications/Unity/Hub/Editor/2021.3.25f1/Unity.app/Contents/Managed'
Mono path[1] = '/Applications/Unity/Hub/Editor/2021.3.25f1/Unity.app/Contents/MonoBleedingEdge/lib/mono/unityjit-macos'
Mono config path = '/Applications/Unity/Hub/Editor/2021.3.25f1/Unity.app/Contents/MonoBleedingEdge/etc'
Using monoOptions --debugger-agent=transport=dt_socket,embedding=1,server=y,suspend=n,address=127.0.0.1:56007
Begin MonoManager ReloadAssembly
Registering precompiled unity dll's ...
Register platform support module: /Applications/Unity/Hub/Editor/2021.3.25f1/Unity.app/Contents/PlaybackEngines/MacStandaloneSupport/UnityEditor.OSXStandalone.Extensions.dll
Registered in 0.001288 seconds.
Native extension for OSXStandalone target not found
Refreshing native plugins compatible for Editor in 32.53 ms, found 3 plugins.
Preloading 0 native plugins for Editor in 0.00 ms.
Mono: successfully reloaded assembly
- Completed reload, in  1.242 seconds
Domain Reload Profiling:
	ReloadAssembly (1243ms)
		BeginReloadAssembly (178ms)
			ExecutionOrderSort (0ms)
			DisableScriptedObjects (0ms)
			BackupInstance (0ms)
			ReleaseScriptingObjects (0ms)
			CreateAndSetChildDomain (3ms)
		EndReloadAssembly (902ms)
			LoadAssemblies (175ms)
			RebuildTransferFunctionScriptingTraits (2ms)
			SetupTypeCache (126ms)
			ReleaseScriptCaches (0ms)
			RebuildScriptCaches (30ms)
			SetupLoadedEditorAssemblies (619ms)
				LogAssemblyErrors (0ms)
				InitializePlatformSupportModulesInManaged (18ms)
				SetLoadedEditorAssemblies (0ms)
				RefreshPlugins (33ms)
				BeforeProcessingInitializeOnLoad (9ms)
				ProcessInitializeOnLoadAttributes (420ms)
				ProcessInitializeOnLoadMethodAttributes (139ms)
				AfterProcessingInitializeOnLoad (0ms)
				EditorAssembliesLoaded (1ms)
			ExecutionOrderSort2 (0ms)
			AwakeInstancesAfterBackupRestoration (0ms)
Platform modules already initialized, skipping
Registering precompiled user dll's ...
Registered in 0.003891 seconds.
Begin MonoManager ReloadAssembly
Native extension for OSXStandalone target not found
Refreshing native plugins compatible for Editor in 0.41 ms, found 3 plugins.
Preloading 0 native plugins for Editor in 0.00 ms.
Mono: successfully reloaded assembly
- Completed reload, in  1.790 seconds
Domain Reload Profiling:
	ReloadAssembly (1792ms)
		BeginReloadAssembly (213ms)
			ExecutionOrderSort (0ms)
			DisableScriptedObjects (25ms)
			BackupInstance (0ms)
			ReleaseScriptingObjects (0ms)
			CreateAndSetChildDomain (24ms)
		EndReloadAssembly (1365ms)
			LoadAssemblies (130ms)
			RebuildTransferFunctionScriptingTraits (0ms)
			SetupTypeCache (202ms)
			ReleaseScriptCaches (0ms)
			RebuildScriptCaches (47ms)
			SetupLoadedEditorAssemblies (876ms)
				LogAssemblyErrors (0ms)
				InitializePlatformSupportModulesInManaged (13ms)
				SetLoadedEditorAssemblies (1ms)
				RefreshPlugins (0ms)
				BeforeProcessingInitializeOnLoad (84ms)
				ProcessInitializeOnLoadAttributes (617ms)
				ProcessInitializeOnLoadMethodAttributes (158ms)
				AfterProcessingInitializeOnLoad (1ms)
				EditorAssembliesLoaded (1ms)
			ExecutionOrderSort2 (0ms)
			AwakeInstancesAfterBackupRestoration (11ms)
Platform modules already initialized, skipping
========================================================================
Worker process is ready to serve import requests
Shader 'MapMagic/TerrainPreviewURP': fallback shader 'Hidden/Universal Render Pipeline/FallbackError' not found
Shader 'MapMagic/TerrainPreviewURP': dependency 'AddPassShader' shader 'Hidden/Universal Render Pipeline/Terrain/Lit (Add Pass)' not found
Shader 'MapMagic/TerrainPreviewURP': dependency 'BaseMapShader' shader 'Hidden/Universal Render Pipeline/Terrain/Lit (Base Pass)' not found
Shader 'MapMagic/TerrainPreviewURP': dependency 'BaseMapGenShader' shader 'Hidden/Universal Render Pipeline/Terrain/Lit (Basemap Gen)' not found
Shader 'MapMagic/TerrainPreviewHDRP': dependency 'BaseMapShader' shader 'Hidden/HDRP/TerrainLit_Basemap' not found
Shader 'MapMagic/TerrainPreviewHDRP': dependency 'BaseMapGenShader' shader 'Hidden/HDRP/TerrainLit_BasemapGen' not found
Shader 'MapMagic/TerrainPreviewHDRP': dependency 'BaseMapShader' shader 'Hidden/HDRP/TerrainLit_Basemap' not found
Shader 'MapMagic/TerrainPreviewHDRP': dependency 'BaseMapGenShader' shader 'Hidden/HDRP/TerrainLit_BasemapGen' not found
Shader 'MapMagic/TerrainPreviewURP': fallback shader 'Hidden/Universal Render Pipeline/FallbackError' not found
Shader 'MapMagic/TerrainPreviewURP': dependency 'AddPassShader' shader 'Hidden/Universal Render Pipeline/Terrain/Lit (Add Pass)' not found
Shader 'MapMagic/TerrainPreviewURP': dependency 'BaseMapShader' shader 'Hidden/Universal Render Pipeline/Terrain/Lit (Base Pass)' not found
Shader 'MapMagic/TerrainPreviewURP': dependency 'BaseMapGenShader' shader 'Hidden/Universal Render Pipeline/Terrain/Lit (Basemap Gen)' not found
Launching external process: /Applications/Unity/Hub/Editor/2021.3.25f1/Unity.app/Contents/Tools/UnityShaderCompiler
Launched and connected shader compiler UnityShaderCompiler after 0.36 seconds
Refreshing native plugins compatible for Editor in 1.04 ms, found 3 plugins.
Preloading 0 native plugins for Editor in 0.00 ms.
Unloading 1583 Unused Serialized files (Serialized files now loaded: 0)
Unloading 24 unused Assets / (12.4 MB). Loaded Objects now: 2064.
Memory consumption went from 105.9 MB to 93.4 MB.
Total: 5.025125 ms (FindLiveObjects: 0.203458 ms CreateObjectMapping: 0.050291 ms MarkObjects: 2.953083 ms  DeleteObjects: 1.817334 ms)

AssetImportParameters requested are different than current active one (requested -> active):
  custom:video-decoder-ogg-theora: a1e56fd34408186e4bbccfd4996cb3dc -> 
  custom:container-muxer-webm: aa71ff27fc2769a1b78a27578f13a17b -> 
  custom:container-demuxer-webm: 4f35f7cbe854078d1ac9338744f61a02 -> 
  custom:video-encoder-webm-vp8: eb34c28f22e8b96e1ab97ce403110664 -> 
  custom:framework-osx-AVFoundation: e770b220cccbd017edd2c1fefb359320 -> 
  custom:audio-encoder-webm-vorbis: bf7c407c2cedff20999df2af8eb42d56 -> 
  custom:container-demuxer-ogg: 62fdf1f143b41e24485cea50d1cbac27 -> 
  custom:video-decoder-webm-vp8: 9c59270c3fd7afecdb556c50c9e8de78 -> 
  custom:audio-decoder-ogg-vorbis: bf7c407c2cedff20999df2af8eb42d56 -> 
========================================================================
Received Prepare
Registering precompiled user dll's ...
Registered in 0.000790 seconds.
Begin MonoManager ReloadAssembly
Native extension for OSXStandalone target not found
Refreshing native plugins compatible for Editor in 0.46 ms, found 3 plugins.
Preloading 0 native plugins for Editor in 0.00 ms.
Mono: successfully reloaded assembly
- Completed reload, in  1.921 seconds
Domain Reload Profiling:
	ReloadAssembly (1923ms)
		BeginReloadAssembly (305ms)
			ExecutionOrderSort (0ms)
			DisableScriptedObjects (34ms)
			BackupInstance (0ms)
			ReleaseScriptingObjects (0ms)
			CreateAndSetChildDomain (80ms)
		EndReloadAssembly (1425ms)
			LoadAssemblies (166ms)
			RebuildTransferFunctionScriptingTraits (0ms)
			SetupTypeCache (207ms)
			ReleaseScriptCaches (2ms)
			RebuildScriptCaches (45ms)
			SetupLoadedEditorAssemblies (926ms)
				LogAssemblyErrors (0ms)
				InitializePlatformSupportModulesInManaged (14ms)
				SetLoadedEditorAssemblies (1ms)
				RefreshPlugins (0ms)
				BeforeProcessingInitializeOnLoad (82ms)
				ProcessInitializeOnLoadAttributes (647ms)
				ProcessInitializeOnLoadMethodAttributes (181ms)
				AfterProcessingInitializeOnLoad (1ms)
				EditorAssembliesLoaded (0ms)
			ExecutionOrderSort2 (0ms)
			AwakeInstancesAfterBackupRestoration (10ms)
Platform modules already initialized, skipping
Shader 'MapMagic/TerrainPreviewURP': fallback shader 'Hidden/Universal Render Pipeline/FallbackError' not found
Shader 'MapMagic/TerrainPreviewURP': dependency 'AddPassShader' shader 'Hidden/Universal Render Pipeline/Terrain/Lit (Add Pass)' not found
Shader 'MapMagic/TerrainPreviewURP': dependency 'BaseMapShader' shader 'Hidden/Universal Render Pipeline/Terrain/Lit (Base Pass)' not found
Shader 'MapMagic/TerrainPreviewURP': dependency 'BaseMapGenShader' shader 'Hidden/Universal Render Pipeline/Terrain/Lit (Basemap Gen)' not found
Shader 'MapMagic/TerrainPreviewHDRP': dependency 'BaseMapShader' shader 'Hidden/HDRP/TerrainLit_Basemap' not found
Shader 'MapMagic/TerrainPreviewHDRP': dependency 'BaseMapGenShader' shader 'Hidden/HDRP/TerrainLit_BasemapGen' not found
Shader 'MapMagic/TerrainPreviewURP': fallback shader 'Hidden/Universal Render Pipeline/FallbackError' not found
Shader 'MapMagic/TerrainPreviewURP': dependency 'AddPassShader' shader 'Hidden/Universal Render Pipeline/Terrain/Lit (Add Pass)' not found
Shader 'MapMagic/TerrainPreviewURP': dependency 'BaseMapShader' shader 'Hidden/Universal Render Pipeline/Terrain/Lit (Base Pass)' not found
Shader 'MapMagic/TerrainPreviewURP': dependency 'BaseMapGenShader' shader 'Hidden/Universal Render Pipeline/Terrain/Lit (Basemap Gen)' not found
Shader 'MapMagic/TerrainPreviewHDRP': dependency 'BaseMapShader' shader 'Hidden/HDRP/TerrainLit_Basemap' not found
Shader 'MapMagic/TerrainPreviewHDRP': dependency 'BaseMapGenShader' shader 'Hidden/HDRP/TerrainLit_BasemapGen' not found
Refreshing native plugins compatible for Editor in 0.95 ms, found 3 plugins.
Preloading 0 native plugins for Editor in 0.00 ms.
Unloading 1546 Unused Serialized files (Serialized files now loaded: 0)
Unloading 17 unused Assets / (12.4 MB). Loaded Objects now: 2067.
Memory consumption went from 104.0 MB to 91.6 MB.
Total: 5.480209 ms (FindLiveObjects: 0.129083 ms CreateObjectMapping: 0.078625 ms MarkObjects: 3.386667 ms  DeleteObjects: 1.884084 ms)

AssetImportParameters requested are different than current active one (requested -> active):
  custom:video-decoder-ogg-theora: a1e56fd34408186e4bbccfd4996cb3dc -> 
  custom:container-muxer-webm: aa71ff27fc2769a1b78a27578f13a17b -> 
  custom:container-demuxer-webm: 4f35f7cbe854078d1ac9338744f61a02 -> 
  custom:video-encoder-webm-vp8: eb34c28f22e8b96e1ab97ce403110664 -> 
  custom:framework-osx-AVFoundation: e770b220cccbd017edd2c1fefb359320 -> 
  custom:audio-encoder-webm-vorbis: bf7c407c2cedff20999df2af8eb42d56 -> 
  custom:container-demuxer-ogg: 62fdf1f143b41e24485cea50d1cbac27 -> 
  custom:video-decoder-webm-vp8: 9c59270c3fd7afecdb556c50c9e8de78 -> 
  custom:audio-decoder-ogg-vorbis: bf7c407c2cedff20999df2af8eb42d56 -> 
========================================================================
Received Prepare
Registering precompiled user dll's ...
Registered in 0.000874 seconds.
Begin MonoManager ReloadAssembly
Native extension for OSXStandalone target not found
Refreshing native plugins compatible for Editor in 0.42 ms, found 3 plugins.
Preloading 0 native plugins for Editor in 0.00 ms.
Mono: successfully reloaded assembly
- Completed reload, in  1.907 seconds
Domain Reload Profiling:
	ReloadAssembly (1909ms)
		BeginReloadAssembly (271ms)
			ExecutionOrderSort (0ms)
			DisableScriptedObjects (35ms)
			BackupInstance (0ms)
			ReleaseScriptingObjects (0ms)
			CreateAndSetChildDomain (69ms)
		EndReloadAssembly (1446ms)
			LoadAssemblies (133ms)
			RebuildTransferFunctionScriptingTraits (0ms)
			SetupTypeCache (210ms)
			ReleaseScriptCaches (2ms)
			RebuildScriptCaches (48ms)
			SetupLoadedEditorAssemblies (951ms)
				LogAssemblyErrors (0ms)
				InitializePlatformSupportModulesInManaged (14ms)
				SetLoadedEditorAssemblies (1ms)
				RefreshPlugins (0ms)
				BeforeProcessingInitializeOnLoad (87ms)
				ProcessInitializeOnLoadAttributes (693ms)
				ProcessInitializeOnLoadMethodAttributes (154ms)
				AfterProcessingInitializeOnLoad (1ms)
				EditorAssembliesLoaded (0ms)
			ExecutionOrderSort2 (0ms)
			AwakeInstancesAfterBackupRestoration (11ms)
Platform modules already initialized, skipping
Shader 'MapMagic/TerrainPreviewURP': fallback shader 'Hidden/Universal Render Pipeline/FallbackError' not found
Shader 'MapMagic/TerrainPreviewURP': dependency 'AddPassShader' shader 'Hidden/Universal Render Pipeline/Terrain/Lit (Add Pass)' not found
Shader 'MapMagic/TerrainPreviewURP': dependency 'BaseMapShader' shader 'Hidden/Universal Render Pipeline/Terrain/Lit (Base Pass)' not found
Shader 'MapMagic/TerrainPreviewURP': dependency 'BaseMapGenShader' shader 'Hidden/Universal Render Pipeline/Terrain/Lit (Basemap Gen)' not found
Shader 'MapMagic/TerrainPreviewHDRP': dependency 'BaseMapShader' shader 'Hidden/HDRP/TerrainLit_Basemap' not found
Shader 'MapMagic/TerrainPreviewHDRP': dependency 'BaseMapGenShader' shader 'Hidden/HDRP/TerrainLit_BasemapGen' not found
Shader 'MapMagic/TerrainPreviewHDRP': dependency 'BaseMapShader' shader 'Hidden/HDRP/TerrainLit_Basemap' not found
Shader 'MapMagic/TerrainPreviewHDRP': dependency 'BaseMapGenShader' shader 'Hidden/HDRP/TerrainLit_BasemapGen' not found
Shader 'MapMagic/TerrainPreviewURP': fallback shader 'Hidden/Universal Render Pipeline/FallbackError' not found
Shader 'MapMagic/TerrainPreviewURP': dependency 'AddPassShader' shader 'Hidden/Universal Render Pipeline/Terrain/Lit (Add Pass)' not found
Shader 'MapMagic/TerrainPreviewURP': dependency 'BaseMapShader' shader 'Hidden/Universal Render Pipeline/Terrain/Lit (Base Pass)' not found
Shader 'MapMagic/TerrainPreviewURP': dependency 'BaseMapGenShader' shader 'Hidden/Universal Render Pipeline/Terrain/Lit (Basemap Gen)' not found
Refreshing native plugins compatible for Editor in 1.22 ms, found 3 plugins.
Preloading 0 native plugins for Editor in 0.00 ms.
Unloading 1546 Unused Serialized files (Serialized files now loaded: 0)
Unloading 17 unused Assets / (12.4 MB). Loaded Objects now: 2070.
Memory consumption went from 104.0 MB to 91.6 MB.
Total: 4.320208 ms (FindLiveObjects: 0.108375 ms CreateObjectMapping: 0.041459 ms MarkObjects: 2.619166 ms  DeleteObjects: 1.550209 ms)

AssetImportParameters requested are different than current active one (requested -> active):
  custom:video-decoder-ogg-theora: a1e56fd34408186e4bbccfd4996cb3dc -> 
  custom:container-muxer-webm: aa71ff27fc2769a1b78a27578f13a17b -> 
  custom:container-demuxer-webm: 4f35f7cbe854078d1ac9338744f61a02 -> 
  custom:video-encoder-webm-vp8: eb34c28f22e8b96e1ab97ce403110664 -> 
  custom:framework-osx-AVFoundation: e770b220cccbd017edd2c1fefb359320 -> 
  custom:audio-encoder-webm-vorbis: bf7c407c2cedff20999df2af8eb42d56 -> 
  custom:container-demuxer-ogg: 62fdf1f143b41e24485cea50d1cbac27 -> 
  custom:video-decoder-webm-vp8: 9c59270c3fd7afecdb556c50c9e8de78 -> 
  custom:audio-decoder-ogg-vorbis: bf7c407c2cedff20999df2af8eb42d56 -> 
========================================================================
Received Prepare
Registering precompiled user dll's ...
Registered in 0.000721 seconds.
Begin MonoManager ReloadAssembly
Native extension for OSXStandalone target not found
Refreshing native plugins compatible for Editor in 0.42 ms, found 3 plugins.
Preloading 0 native plugins for Editor in 0.00 ms.
Mono: successfully reloaded assembly
- Completed reload, in  1.885 seconds
Domain Reload Profiling:
	ReloadAssembly (1886ms)
		BeginReloadAssembly (281ms)
			ExecutionOrderSort (0ms)
			DisableScriptedObjects (35ms)
			BackupInstance (0ms)
			ReleaseScriptingObjects (0ms)
			CreateAndSetChildDomain (70ms)
		EndReloadAssembly (1410ms)
			LoadAssemblies (144ms)
			RebuildTransferFunctionScriptingTraits (0ms)
			SetupTypeCache (206ms)
			ReleaseScriptCaches (1ms)
			RebuildScriptCaches (45ms)
			SetupLoadedEditorAssemblies (912ms)
				LogAssemblyErrors (0ms)
				InitializePlatformSupportModulesInManaged (13ms)
				SetLoadedEditorAssemblies (1ms)
				RefreshPlugins (0ms)
				BeforeProcessingInitializeOnLoad (85ms)
				ProcessInitializeOnLoadAttributes (669ms)
				ProcessInitializeOnLoadMethodAttributes (141ms)
				AfterProcessingInitializeOnLoad (1ms)
				EditorAssembliesLoaded (0ms)
			ExecutionOrderSort2 (0ms)
			AwakeInstancesAfterBackupRestoration (10ms)
Platform modules already initialized, skipping
Shader 'MapMagic/TerrainPreviewURP': fallback shader 'Hidden/Universal Render Pipeline/FallbackError' not found
Shader 'MapMagic/TerrainPreviewURP': dependency 'AddPassShader' shader 'Hidden/Universal Render Pipeline/Terrain/Lit (Add Pass)' not found
Shader 'MapMagic/TerrainPreviewURP': dependency 'BaseMapShader' shader 'Hidden/Universal Render Pipeline/Terrain/Lit (Base Pass)' not found
Shader 'MapMagic/TerrainPreviewURP': dependency 'BaseMapGenShader' shader 'Hidden/Universal Render Pipeline/Terrain/Lit (Basemap Gen)' not found
Shader 'MapMagic/TerrainPreviewHDRP': dependency 'BaseMapShader' shader 'Hidden/HDRP/TerrainLit_Basemap' not found
Shader 'MapMagic/TerrainPreviewHDRP': dependency 'BaseMapGenShader' shader 'Hidden/HDRP/TerrainLit_BasemapGen' not found
Shader 'MapMagic/TerrainPreviewURP': fallback shader 'Hidden/Universal Render Pipeline/FallbackError' not found
Shader 'MapMagic/TerrainPreviewURP': dependency 'AddPassShader' shader 'Hidden/Universal Render Pipeline/Terrain/Lit (Add Pass)' not found
Shader 'MapMagic/TerrainPreviewURP': dependency 'BaseMapShader' shader 'Hidden/Universal Render Pipeline/Terrain/Lit (Base Pass)' not found
Shader 'MapMagic/TerrainPreviewURP': dependency 'BaseMapGenShader' shader 'Hidden/Universal Render Pipeline/Terrain/Lit (Basemap Gen)' not found
Shader 'MapMagic/TerrainPreviewHDRP': dependency 'BaseMapShader' shader 'Hidden/HDRP/TerrainLit_Basemap' not found
Shader 'MapMagic/TerrainPreviewHDRP': dependency 'BaseMapGenShader' shader 'Hidden/HDRP/TerrainLit_BasemapGen' not found
Refreshing native plugins compatible for Editor in 2.00 ms, found 3 plugins.
Preloading 0 native plugins for Editor in 0.00 ms.
Unloading 1546 Unused Serialized files (Serialized files now loaded: 0)
Unloading 17 unused Assets / (12.4 MB). Loaded Objects now: 2073.
Memory consumption went from 104.0 MB to 91.6 MB.
Total: 3.788834 ms (FindLiveObjects: 0.109875 ms CreateObjectMapping: 0.033542 ms MarkObjects: 2.223708 ms  DeleteObjects: 1.420750 ms)

AssetImportParameters requested are different than current active one (requested -> active):
  custom:video-decoder-ogg-theora: a1e56fd34408186e4bbccfd4996cb3dc -> 
  custom:container-muxer-webm: aa71ff27fc2769a1b78a27578f13a17b -> 
  custom:container-demuxer-webm: 4f35f7cbe854078d1ac9338744f61a02 -> 
  custom:video-encoder-webm-vp8: eb34c28f22e8b96e1ab97ce403110664 -> 
  custom:framework-osx-AVFoundation: e770b220cccbd017edd2c1fefb359320 -> 
  custom:audio-encoder-webm-vorbis: bf7c407c2cedff20999df2af8eb42d56 -> 
  custom:container-demuxer-ogg: 62fdf1f143b41e24485cea50d1cbac27 -> 
  custom:video-decoder-webm-vp8: 9c59270c3fd7afecdb556c50c9e8de78 -> 
  custom:audio-decoder-ogg-vorbis: bf7c407c2cedff20999df2af8eb42d56 -> 
========================================================================
Received Import Request.
  Time since last request: 399632.989417 seconds.
  path: Assets/Scenes/cool dinosuar game.unity
  artifactKey: Guid(f229a6eebf1584a0eb612c74c5960bb0) Importer(815301076,1909f56bfc062723c751e8b465ee728b)
Start importing Assets/Scenes/cool dinosuar game.unity using Guid(f229a6eebf1584a0eb612c74c5960bb0) Importer(815301076,1909f56bfc062723c751e8b465ee728b)  -> (artifact id: '7c1d87f9ef1e3d7a74ad0be74aaf118c') in 0.039980 seconds 
========================================================================
Received Import Request.
  Time since last request: 12.720375 seconds.
  path: Assets/Fantasy Skybox FREE/FerociousIndustries/PBRDinosaurs/PBRVelociraptor/Audio Clips/RaptorBark1.wav
  artifactKey: Guid(7fca970127c77274aa160d3f84ca67da) Importer(815301076,1909f56bfc062723c751e8b465ee728b)
Start importing Assets/Fantasy Skybox FREE/FerociousIndustries/PBRDinosaurs/PBRVelociraptor/Audio Clips/RaptorBark1.wav using Guid(7fca970127c77274aa160d3f84ca67da) Importer(815301076,1909f56bfc062723c751e8b465ee728b)  -> (artifact id: '441a9edc47de8c3f40e4df4b3e11cfe9') in 1.340895 seconds 
========================================================================
Received Import Request.
  Time since last request: 0.000210 seconds.
  path: Assets/Fantasy Skybox FREE/FerociousIndustries/PBRDinosaurs/PBRVelociraptor/Audio Clips/RaptorDeath1.wav
  artifactKey: Guid(399d4fa3cddfd664cb117049933b2554) Importer(815301076,1909f56bfc062723c751e8b465ee728b)
Start importing Assets/Fantasy Skybox FREE/FerociousIndustries/PBRDinosaurs/PBRVelociraptor/Audio Clips/RaptorDeath1.wav using Guid(399d4fa3cddfd664cb117049933b2554) Importer(815301076,1909f56bfc062723c751e8b465ee728b)  -> (artifact id: '114f9d85133e92e09db94560efdd07cd') in 0.088843 seconds 
========================================================================
Received Import Request.
  Time since last request: 0.000049 seconds.
  path: Assets/Fantasy Skybox FREE/FerociousIndustries/PBRDinosaurs/PBRVelociraptor/Audio Clips/RaptorRoar4.wav
  artifactKey: Guid(85e806ed8d23b7849ba2529a911fb786) Importer(815301076,1909f56bfc062723c751e8b465ee728b)
Start importing Assets/Fantasy Skybox FREE/FerociousIndustries/PBRDinosaurs/PBRVelociraptor/Audio Clips/RaptorRoar4.wav using Guid(85e806ed8d23b7849ba2529a911fb786) Importer(815301076,1909f56bfc062723c751e8b465ee728b)  -> (artifact id: 'be46d82ac9f7d3fba86f0d14f14fe73f') in 0.018116 seconds 
========================================================================
Received Import Request.
  Time since last request: 0.000059 seconds.
  path: Assets/Fantasy Skybox FREE/FerociousIndustries/PBRDinosaurs/PBRVelociraptor/Audio Clips/RaptorGrowl1.wav
  artifactKey: Guid(aec8cee1920f8864b97b641df045a030) Importer(815301076,1909f56bfc062723c751e8b465ee728b)
Start importing Assets/Fantasy Skybox FREE/FerociousIndustries/PBRDinosaurs/PBRVelociraptor/Audio Clips/RaptorGrowl1.wav using Guid(aec8cee1920f8864b97b641df045a030) Importer(815301076,1909f56bfc062723c751e8b465ee728b)  -> (artifact id: '6dac661e6b4d0f0304a930d8238fe771') in 0.013566 seconds 
========================================================================
Received Import Request.
  Time since last request: 0.000053 seconds.
  path: Assets/Fantasy Skybox FREE/FerociousIndustries/PBRDinosaurs/PBRVelociraptor/Audio Clips/RaptorScreech2.wav
  artifactKey: Guid(b784295d6bcb6ab4bb20714dc9cb2626) Importer(815301076,1909f56bfc062723c751e8b465ee728b)
Start importing Assets/Fantasy Skybox FREE/FerociousIndustries/PBRDinosaurs/PBRVelociraptor/Audio Clips/RaptorScreech2.wav using Guid(b784295d6bcb6ab4bb20714dc9cb2626) Importer(815301076,1909f56bfc062723c751e8b465ee728b)  -> (artifact id: 'b6762b16107463f60a0f52d145f38d24') in 0.017104 seconds 
========================================================================
Received Import Request.
  Time since last request: 0.000098 seconds.
  path: Assets/Fantasy Skybox FREE/FerociousIndustries/PBRDinosaurs/PBRVelociraptor/Audio Clips/RaptorSniff1.wav
  artifactKey: Guid(50282f33a7fae8643b148f34aeb950df) Importer(815301076,1909f56bfc062723c751e8b465ee728b)
Start importing Assets/Fantasy Skybox FREE/FerociousIndustries/PBRDinosaurs/PBRVelociraptor/Audio Clips/RaptorSniff1.wav using Guid(50282f33a7fae8643b148f34aeb950df) Importer(815301076,1909f56bfc062723c751e8b465ee728b)  -> (artifact id: '382dcc8b2222efd3752e27c274748c6d') in 0.023239 seconds 
========================================================================
Received Import Request.
  Time since last request: 0.000058 seconds.
  path: Assets/Fantasy Skybox FREE/FerociousIndustries/PBRDinosaurs/PBRVelociraptor/Materials/StandardBlack.mat
  artifactKey: Guid(827f6efdf62eff844b05c4d75456332c) Importer(815301076,1909f56bfc062723c751e8b465ee728b)
Start importing Assets/Fantasy Skybox FREE/FerociousIndustries/PBRDinosaurs/PBRVelociraptor/Materials/StandardBlack.mat using Guid(827f6efdf62eff844b05c4d75456332c) Importer(815301076,1909f56bfc062723c751e8b465ee728b)  -> (artifact id: 'd14961f145b089ef4474baa68aa55308') in 0.309889 seconds 
========================================================================
Received Import Request.
  Time since last request: 7.122065 seconds.
  path: Assets/Fantasy Skybox FREE/FerociousIndustries/PBRDinosaurs/PBRVelociraptor/Prefabs
  artifactKey: Guid(78052cf3c667e1e4f8e601d4d2b5621e) Importer(815301076,1909f56bfc062723c751e8b465ee728b)
Start importing Assets/Fantasy Skybox FREE/FerociousIndustries/PBRDinosaurs/PBRVelociraptor/Prefabs using Guid(78052cf3c667e1e4f8e601d4d2b5621e) Importer(815301076,1909f56bfc062723c751e8b465ee728b)  -> (artifact id: 'd896057895a89dfb300eb5965e93474a') in 0.004349 seconds 
========================================================================
Received Import Request.
  Time since last request: 1.239359 seconds.
  path: Assets/Fantasy Skybox FREE/FerociousIndustries/PBRDinosaurs/PBRVelociraptor/Prefabs/Mobile
  artifactKey: Guid(aca5eb7fb49742d4c86ef7ac152f866a) Importer(815301076,1909f56bfc062723c751e8b465ee728b)
Start importing Assets/Fantasy Skybox FREE/FerociousIndustries/PBRDinosaurs/PBRVelociraptor/Prefabs/Mobile using Guid(aca5eb7fb49742d4c86ef7ac152f866a) Importer(815301076,1909f56bfc062723c751e8b465ee728b)  -> (artifact id: 'd7af482df4dab24935cd9685f4708bcc') in 0.001694 seconds 
========================================================================
Received Import Request.
  Time since last request: 0.724533 seconds.
  path: Assets/Fantasy Skybox FREE/FerociousIndustries/PBRDinosaurs/PBRVelociraptor/Prefabs/PBR
  artifactKey: Guid(e495f5e199f81154cabfd360121c7fd7) Importer(815301076,1909f56bfc062723c751e8b465ee728b)
Start importing Assets/Fantasy Skybox FREE/FerociousIndustries/PBRDinosaurs/PBRVelociraptor/Prefabs/PBR using Guid(e495f5e199f81154cabfd360121c7fd7) Importer(815301076,1909f56bfc062723c751e8b465ee728b)  -> (artifact id: '7d46ec98481b38a41b805b51e3d3f62b') in 0.001444 seconds 
========================================================================
Received Import Request.
  Time since last request: 0.721783 seconds.
  path: Assets/Fantasy Skybox FREE/FerociousIndustries/PBRDinosaurs/PBRVelociraptor/Prefabs/PBR/15K
  artifactKey: Guid(42b7e057c8319df4e9eaf971afab9b5c) Importer(815301076,1909f56bfc062723c751e8b465ee728b)
Start importing Assets/Fantasy Skybox FREE/FerociousIndustries/PBRDinosaurs/PBRVelociraptor/Prefabs/PBR/15K using Guid(42b7e057c8319df4e9eaf971afab9b5c) Importer(815301076,1909f56bfc062723c751e8b465ee728b)  -> (artifact id: '9a843996eea7d74810f9ba2f5c5a0192') in 0.001440 seconds 
========================================================================
Received Import Request.
  Time since last request: 42.611787 seconds.
  path: Assets/MapMagic/Demo/Textures/SkyCloudyEvening.tif
  artifactKey: Guid(c7f2e1ed532ef7b4e90db8a7dd4be4d3) Importer(815301076,1909f56bfc062723c751e8b465ee728b)
Start importing Assets/MapMagic/Demo/Textures/SkyCloudyEvening.tif using Guid(c7f2e1ed532ef7b4e90db8a7dd4be4d3) Importer(815301076,1909f56bfc062723c751e8b465ee728b)  -> (artifact id: 'a4e6c7af27662a45229488cffac3f5af') in 0.942516 seconds 
========================================================================
Received Import Request.
  Time since last request: 40.489104 seconds.
  path: Assets/MapMagic/Demo/TerrainLayers/CliffBright.terrainlayer
  artifactKey: Guid(240ea90774073d84cb4ef9b3c461e28c) Importer(815301076,1909f56bfc062723c751e8b465ee728b)
Start importing Assets/MapMagic/Demo/TerrainLayers/CliffBright.terrainlayer using Guid(240ea90774073d84cb4ef9b3c461e28c) Importer(815301076,1909f56bfc062723c751e8b465ee728b)  -> (artifact id: 'dd3971aca75a870436640b5c2572cc5b') in 0.175607 seconds 
========================================================================
Received Import Request.
  Time since last request: 0.000120 seconds.
  path: Assets/MapMagic/Demo/TerrainLayers/GrassYellow.terrainlayer
  artifactKey: Guid(dbd5cac43e2888e42b956cba46f3d44f) Importer(815301076,1909f56bfc062723c751e8b465ee728b)
Start importing Assets/MapMagic/Demo/TerrainLayers/GrassYellow.terrainlayer using Guid(dbd5cac43e2888e42b956cba46f3d44f) Importer(815301076,1909f56bfc062723c751e8b465ee728b)  -> (artifact id: 'b46ae1005bc615c59149d3eeadd99539') in 0.015680 seconds 
Editor requested this worker to shutdown with reason: Scaling down because of idle timeout
AssetImportWorkerClient::OnTransportError - code=2 error=End of file
AssetImportWorker is now disconnected from the server
Process exiting
